<?xml version="1.0" encoding="UTF-8"?>
<!-- Generated by org.testng.reporters.JUnitReportReporter -->
<testsuite hostname="DESKTOP-E6P2TPN" failures="1" tests="1" name="cucumberOptions.FailedTestNGTestRunner" time="7.966" errors="0" timestamp="2024-02-08T13:46:25 IST" skipped="0">
  <testcase classname="cucumberOptions.FailedTestNGTestRunner" name="runScenario" time="7.966">
    <failure message="expected [true] but found [false]" type="java.lang.AssertionError">
      <![CDATA[java.lang.AssertionError: expected [true] but found [false]
at org.testng.Assert.fail(Assert.java:111)
at org.testng.Assert.failNotEquals(Assert.java:1578)
at org.testng.Assert.assertTrue(Assert.java:57)
at org.testng.Assert.assertTrue(Assert.java:67)
at stepDefinitions.OffersPageStepDefinitions.validates_product_name_in_landing_page_and_offers_page_is_same(OffersPageStepDefinitions.java:38)
at âœ½.Validates product name in landing page and offers page is same(file:///C:/Users/DELL/eclipse-workspace/cucumber/SeleniumCucumberE2E_SecondTime/src/test/java/features/SearchProduct.feature:8)
]]>
    </failure>
  </testcase> <!-- runScenario -->
</testsuite> <!-- cucumberOptions.FailedTestNGTestRunner -->
